<?xml version="1.0" encoding="UTF-8"?>
<!-- Generated by org.testng.reporters.JUnitReportReporter -->
<testsuite hostname="RAJI-REDDY" failures="0" tests="1" name="women.Women_Product" time="9.590" errors="0" timestamp="2024-09-17T13:03:12 IST" skipped="0">
  <testcase classname="women.Women_Product" name="product" time="9.590"/>
</testsuite> <!-- women.Women_Product -->
