<?xml version="1.0" encoding="UTF-8"?>
<!-- Generated by org.testng.reporters.JUnitReportReporter -->
<testsuite hostname="LAPTOP-RTGV64HI" failures="0" tests="1" name="women.Women_Product" time="13.712" errors="0" timestamp="2024-09-17T13:09:00 IST" skipped="0">
  <testcase classname="women.Women_Product" name="product" time="13.712"/>
</testsuite> <!-- women.Women_Product -->
